<?xml version="1.0" encoding="UTF-8"?>
<coverage generated="1713986373749" clover="3.2.0">
  <project timestamp="1713986373752" name="All files">
    <metrics statements="45" coveredstatements="45" conditionals="16" coveredconditionals="16" methods="13" coveredmethods="13" elements="74" coveredelements="74" complexity="0" loc="45" ncloc="45" packages="1" files="3" classes="3"/>
    <file name="Home.js" path="C:\Users\dines\OneDrive\Desktop\LoginAndHome App\Samplepro\Home.js">
      <metrics statements="10" coveredstatements="10" conditionals="0" coveredconditionals="0" methods="6" coveredmethods="6"/>
      <line num="7" count="8" type="stmt"/>
      <line num="8" count="8" type="stmt"/>
      <line num="9" count="8" type="stmt"/>
      <line num="11" count="8" type="stmt"/>
      <line num="12" count="2" type="stmt"/>
      <line num="13" count="2" type="stmt"/>
      <line num="14" count="2" type="stmt"/>
      <line num="17" count="8" type="stmt"/>
      <line num="27" count="1" type="stmt"/>
      <line num="32" count="1" type="stmt"/>
    </file>
    <file name="Login.js" path="C:\Users\dines\OneDrive\Desktop\LoginAndHome App\Samplepro\Login.js">
      <metrics statements="33" coveredstatements="33" conditionals="16" coveredconditionals="16" methods="6" coveredmethods="6"/>
      <line num="6" count="16" type="stmt"/>
      <line num="7" count="16" type="stmt"/>
      <line num="8" count="16" type="stmt"/>
      <line num="36" count="5" type="cond" truecount="5" falsecount="0"/>
      <line num="37" count="1" type="stmt"/>
      <line num="39" count="4" type="cond" truecount="2" falsecount="0"/>
      <line num="40" count="1" type="stmt"/>
      <line num="42" count="3" type="cond" truecount="2" falsecount="0"/>
      <line num="43" count="1" type="stmt"/>
      <line num="45" count="2" type="cond" truecount="2" falsecount="0"/>
      <line num="46" count="1" type="stmt"/>
      <line num="49" count="16" type="stmt"/>
      <line num="50" count="5" type="stmt"/>
      <line num="51" count="5" type="stmt"/>
      <line num="52" count="5" type="stmt"/>
      <line num="53" count="5" type="stmt"/>
      <line num="54" count="5" type="cond" truecount="5" falsecount="0"/>
      <line num="56" count="1" type="stmt"/>
      <line num="57" count="1" type="stmt"/>
      <line num="59" count="1" type="stmt"/>
      <line num="60" count="1" type="stmt"/>
      <line num="62" count="1" type="stmt"/>
      <line num="63" count="1" type="stmt"/>
      <line num="65" count="1" type="stmt"/>
      <line num="66" count="1" type="stmt"/>
      <line num="68" count="1" type="stmt"/>
      <line num="69" count="1" type="stmt"/>
      <line num="70" count="1" type="stmt"/>
      <line num="73" count="16" type="stmt"/>
      <line num="80" count="5" type="stmt"/>
      <line num="83" count="5" type="stmt"/>
      <line num="86" count="5" type="stmt"/>
      <line num="96" count="1" type="stmt"/>
    </file>
    <file name="Sum.js" path="C:\Users\dines\OneDrive\Desktop\LoginAndHome App\Samplepro\Sum.js">
      <metrics statements="2" coveredstatements="2" conditionals="0" coveredconditionals="0" methods="1" coveredmethods="1"/>
      <line num="2" count="1" type="stmt"/>
      <line num="4" count="1" type="stmt"/>
    </file>
  </project>
</coverage>
