{"C:\\Users\\dines\\OneDrive\\Desktop\\LoginAndHome App\\Samplepro\\Home.js": {"path":"C:\\Users\\dines\\OneDrive\\Desktop\\LoginAndHome App\\Samplepro\\Home.js","statementMap":{"0":{"start":{"line":7,"column":36},"end":{"line":7,"column":48}},"1":{"start":{"line":8,"column":32},"end":{"line":8,"column":44}},"2":{"start":{"line":9,"column":36},"end":{"line":9,"column":48}},"3":{"start":{"line":11,"column":4},"end":{"line":15,"column":10}},"4":{"start":{"line":12,"column":6},"end":{"line":12,"column":75}},"5":{"start":{"line":12,"column":55},"end":{"line":12,"column":73}},"6":{"start":{"line":13,"column":6},"end":{"line":13,"column":71}},"7":{"start":{"line":13,"column":53},"end":{"line":13,"column":69}},"8":{"start":{"line":14,"column":6},"end":{"line":14,"column":75}},"9":{"start":{"line":14,"column":55},"end":{"line":14,"column":73}},"10":{"start":{"line":17,"column":4},"end":{"line":29,"column":5}},"11":{"start":{"line":27,"column":46},"end":{"line":27,"column":74}},"12":{"start":{"line":32,"column":16},"end":{"line":52,"column":2}}},"fnMap":{"0":{"name":"Home","decl":{"start":{"line":5,"column":24},"end":{"line":5,"column":28}},"loc":{"start":{"line":5,"column":42},"end":{"line":30,"column":1}},"line":5},"1":{"name":"(anonymous_1)","decl":{"start":{"line":11,"column":14},"end":{"line":11,"column":15}},"loc":{"start":{"line":11,"column":20},"end":{"line":15,"column":5}},"line":11},"2":{"name":"(anonymous_2)","decl":{"start":{"line":12,"column":44},"end":{"line":12,"column":45}},"loc":{"start":{"line":12,"column":55},"end":{"line":12,"column":73}},"line":12},"3":{"name":"(anonymous_3)","decl":{"start":{"line":13,"column":42},"end":{"line":13,"column":43}},"loc":{"start":{"line":13,"column":53},"end":{"line":13,"column":69}},"line":13},"4":{"name":"(anonymous_4)","decl":{"start":{"line":14,"column":44},"end":{"line":14,"column":45}},"loc":{"start":{"line":14,"column":55},"end":{"line":14,"column":73}},"line":14},"5":{"name":"(anonymous_5)","decl":{"start":{"line":27,"column":41},"end":{"line":27,"column":42}},"loc":{"start":{"line":27,"column":46},"end":{"line":27,"column":74}},"line":27}},"branchMap":{},"s":{"0":8,"1":8,"2":8,"3":8,"4":2,"5":2,"6":2,"7":2,"8":2,"9":2,"10":8,"11":1,"12":1},"f":{"0":8,"1":2,"2":2,"3":2,"4":2,"5":1},"b":{},"_coverageSchema":"1a1c01bbd47fc00a2c39e90264f33305004495a9","hash":"4e836feef3cfb23c8b5ecd409c45d18a881bf7b0"}
,"C:\\Users\\dines\\OneDrive\\Desktop\\LoginAndHome App\\Samplepro\\Login.js": {"path":"C:\\Users\\dines\\OneDrive\\Desktop\\LoginAndHome App\\Samplepro\\Login.js","statementMap":{"0":{"start":{"line":6,"column":36},"end":{"line":6,"column":48}},"1":{"start":{"line":7,"column":32},"end":{"line":7,"column":44}},"2":{"start":{"line":8,"column":36},"end":{"line":8,"column":48}},"3":{"start":{"line":36,"column":4},"end":{"line":38,"column":5}},"4":{"start":{"line":37,"column":6},"end":{"line":37,"column":17}},"5":{"start":{"line":39,"column":4},"end":{"line":39,"column":16}},"6":{"start":{"line":43,"column":4},"end":{"line":45,"column":5}},"7":{"start":{"line":44,"column":6},"end":{"line":44,"column":17}},"8":{"start":{"line":46,"column":4},"end":{"line":46,"column":16}},"9":{"start":{"line":50,"column":4},"end":{"line":52,"column":5}},"10":{"start":{"line":51,"column":6},"end":{"line":51,"column":17}},"11":{"start":{"line":53,"column":4},"end":{"line":53,"column":16}},"12":{"start":{"line":58,"column":4},"end":{"line":60,"column":5}},"13":{"start":{"line":59,"column":6},"end":{"line":59,"column":17}},"14":{"start":{"line":61,"column":4},"end":{"line":61,"column":16}},"15":{"start":{"line":64,"column":20},"end":{"line":86,"column":1}},"16":{"start":{"line":65,"column":4},"end":{"line":65,"column":46}},"17":{"start":{"line":66,"column":4},"end":{"line":66,"column":42}},"18":{"start":{"line":67,"column":4},"end":{"line":67,"column":46}},"19":{"start":{"line":68,"column":4},"end":{"line":85,"column":5}},"20":{"start":{"line":70,"column":8},"end":{"line":70,"column":81}},"21":{"start":{"line":71,"column":8},"end":{"line":71,"column":14}},"22":{"start":{"line":73,"column":8},"end":{"line":73,"column":60}},"23":{"start":{"line":74,"column":8},"end":{"line":74,"column":14}},"24":{"start":{"line":76,"column":8},"end":{"line":76,"column":58}},"25":{"start":{"line":77,"column":8},"end":{"line":77,"column":14}},"26":{"start":{"line":79,"column":8},"end":{"line":79,"column":60}},"27":{"start":{"line":80,"column":8},"end":{"line":80,"column":14}},"28":{"start":{"line":82,"column":8},"end":{"line":82,"column":52}},"29":{"start":{"line":83,"column":8},"end":{"line":83,"column":35}},"30":{"start":{"line":84,"column":8},"end":{"line":84,"column":14}},"31":{"start":{"line":88,"column":3},"end":{"line":108,"column":3}},"32":{"start":{"line":95,"column":149},"end":{"line":95,"column":166}},"33":{"start":{"line":98,"column":156},"end":{"line":98,"column":171}},"34":{"start":{"line":101,"column":152},"end":{"line":101,"column":169}},"35":{"start":{"line":111,"column":15},"end":{"line":175,"column":2}}},"fnMap":{"0":{"name":"Login","decl":{"start":{"line":5,"column":24},"end":{"line":5,"column":29}},"loc":{"start":{"line":5,"column":43},"end":{"line":109,"column":1}},"line":5},"1":{"name":"whenAllFieldIsNotEntered","decl":{"start":{"line":35,"column":11},"end":{"line":35,"column":35}},"loc":{"start":{"line":35,"column":37},"end":{"line":40,"column":3}},"line":35},"2":{"name":"whenUsernameIsNotEntered","decl":{"start":{"line":42,"column":11},"end":{"line":42,"column":35}},"loc":{"start":{"line":42,"column":37},"end":{"line":47,"column":3}},"line":42},"3":{"name":"whenNumberIsNotEntered","decl":{"start":{"line":49,"column":11},"end":{"line":49,"column":33}},"loc":{"start":{"line":49,"column":35},"end":{"line":55,"column":3}},"line":49},"4":{"name":"whenPasswordIsNotEntered","decl":{"start":{"line":57,"column":11},"end":{"line":57,"column":35}},"loc":{"start":{"line":57,"column":37},"end":{"line":63,"column":3}},"line":57},"5":{"name":"(anonymous_5)","decl":{"start":{"line":64,"column":20},"end":{"line":64,"column":21}},"loc":{"start":{"line":64,"column":24},"end":{"line":86,"column":1}},"line":64},"6":{"name":"(anonymous_6)","decl":{"start":{"line":95,"column":141},"end":{"line":95,"column":142}},"loc":{"start":{"line":95,"column":149},"end":{"line":95,"column":166}},"line":95},"7":{"name":"(anonymous_7)","decl":{"start":{"line":98,"column":148},"end":{"line":98,"column":149}},"loc":{"start":{"line":98,"column":156},"end":{"line":98,"column":171}},"line":98},"8":{"name":"(anonymous_8)","decl":{"start":{"line":101,"column":144},"end":{"line":101,"column":145}},"loc":{"start":{"line":101,"column":152},"end":{"line":101,"column":169}},"line":101}},"branchMap":{"0":{"loc":{"start":{"line":36,"column":4},"end":{"line":38,"column":5}},"type":"if","locations":[{"start":{"line":36,"column":4},"end":{"line":38,"column":5}},{"start":{},"end":{}}],"line":36},"1":{"loc":{"start":{"line":36,"column":8},"end":{"line":36,"column":41}},"type":"binary-expr","locations":[{"start":{"line":36,"column":8},"end":{"line":36,"column":17}},{"start":{"line":36,"column":21},"end":{"line":36,"column":30}},{"start":{"line":36,"column":34},"end":{"line":36,"column":41}}],"line":36},"2":{"loc":{"start":{"line":43,"column":4},"end":{"line":45,"column":5}},"type":"if","locations":[{"start":{"line":43,"column":4},"end":{"line":45,"column":5}},{"start":{},"end":{}}],"line":43},"3":{"loc":{"start":{"line":50,"column":4},"end":{"line":52,"column":5}},"type":"if","locations":[{"start":{"line":50,"column":4},"end":{"line":52,"column":5}},{"start":{},"end":{}}],"line":50},"4":{"loc":{"start":{"line":58,"column":4},"end":{"line":60,"column":5}},"type":"if","locations":[{"start":{"line":58,"column":4},"end":{"line":60,"column":5}},{"start":{},"end":{}}],"line":58},"5":{"loc":{"start":{"line":68,"column":4},"end":{"line":85,"column":5}},"type":"switch","locations":[{"start":{"line":69,"column":6},"end":{"line":71,"column":14}},{"start":{"line":72,"column":6},"end":{"line":74,"column":14}},{"start":{"line":75,"column":6},"end":{"line":77,"column":14}},{"start":{"line":78,"column":6},"end":{"line":80,"column":14}},{"start":{"line":81,"column":6},"end":{"line":84,"column":14}}],"line":68}},"s":{"0":16,"1":16,"2":16,"3":5,"4":1,"5":4,"6":4,"7":1,"8":3,"9":3,"10":1,"11":2,"12":2,"13":1,"14":1,"15":16,"16":5,"17":5,"18":5,"19":5,"20":1,"21":1,"22":1,"23":1,"24":1,"25":1,"26":1,"27":1,"28":1,"29":1,"30":1,"31":16,"32":5,"33":5,"34":5,"35":1},"f":{"0":16,"1":5,"2":4,"3":3,"4":2,"5":5,"6":5,"7":5,"8":5},"b":{"0":[1,4],"1":[5,2,1],"2":[1,3],"3":[1,2],"4":[1,1],"5":[1,1,1,1,1]},"_coverageSchema":"1a1c01bbd47fc00a2c39e90264f33305004495a9","hash":"d194714224def52fbc4f127b30ab5a3b04f4dbf5"}
,"C:\\Users\\dines\\OneDrive\\Desktop\\LoginAndHome App\\Samplepro\\Sum.js": {"path":"C:\\Users\\dines\\OneDrive\\Desktop\\LoginAndHome App\\Samplepro\\Sum.js","statementMap":{"0":{"start":{"line":2,"column":4},"end":{"line":2,"column":17}},"1":{"start":{"line":4,"column":2},"end":{"line":4,"column":23}}},"fnMap":{"0":{"name":"sum","decl":{"start":{"line":1,"column":9},"end":{"line":1,"column":12}},"loc":{"start":{"line":1,"column":19},"end":{"line":3,"column":3}},"line":1}},"branchMap":{},"s":{"0":1,"1":1},"f":{"0":1},"b":{},"_coverageSchema":"1a1c01bbd47fc00a2c39e90264f33305004495a9","hash":"41474b54a4ea49f9075f0bdeb7b1f932ea77b838"}
}
