{"C:\\Users\\dines\\OneDrive\\Desktop\\LoginAndHome App\\Samplepro\\App.js": {"path":"C:\\Users\\dines\\OneDrive\\Desktop\\LoginAndHome App\\Samplepro\\App.js","statementMap":{"0":{"start":{"line":6,"column":14},"end":{"line":6,"column":50}},"1":{"start":{"line":7,"column":26},"end":{"line":7,"column":38}},"2":{"start":{"line":9,"column":2},"end":{"line":24,"column":7}},"3":{"start":{"line":13,"column":6},"end":{"line":20,"column":7}},"4":{"start":{"line":14,"column":25},"end":{"line":14,"column":45}},"5":{"start":{"line":15,"column":8},"end":{"line":15,"column":35}},"6":{"start":{"line":18,"column":8},"end":{"line":18,"column":53}},"7":{"start":{"line":23,"column":2},"end":{"line":23,"column":14}},"8":{"start":{"line":27,"column":4},"end":{"line":40,"column":5}},"9":{"start":{"line":33,"column":12},"end":{"line":35,"column":19}},"10":{"start":{"line":43,"column":15},"end":{"line":83,"column":2}}},"fnMap":{"0":{"name":"APP","decl":{"start":{"line":5,"column":24},"end":{"line":5,"column":27}},"loc":{"start":{"line":5,"column":29},"end":{"line":41,"column":1}},"line":5},"1":{"name":"(anonymous_1)","decl":{"start":{"line":9,"column":12},"end":{"line":9,"column":13}},"loc":{"start":{"line":9,"column":18},"end":{"line":24,"column":1}},"line":9},"2":{"name":"fetchInfo","decl":{"start":{"line":12,"column":18},"end":{"line":12,"column":27}},"loc":{"start":{"line":12,"column":29},"end":{"line":21,"column":3}},"line":12},"3":{"name":"(anonymous_3)","decl":{"start":{"line":32,"column":18},"end":{"line":32,"column":19}},"loc":{"start":{"line":33,"column":12},"end":{"line":35,"column":19}},"line":33}},"branchMap":{},"s":{"0":4,"1":4,"2":4,"3":3,"4":3,"5":1,"6":1,"7":3,"8":4,"9":6,"10":1},"f":{"0":4,"1":3,"2":3,"3":6},"b":{},"_coverageSchema":"1a1c01bbd47fc00a2c39e90264f33305004495a9","hash":"7e88ab2e9c3635d5d608075369c64ec73495eb24"}
}
