TN:
SF:Home.js
FN:5,Home
FN:11,(anonymous_1)
FN:12,(anonymous_2)
FN:13,(anonymous_3)
FN:14,(anonymous_4)
FN:27,(anonymous_5)
FNF:6
FNH:6
FNDA:8,Home
FNDA:2,(anonymous_1)
FNDA:2,(anonymous_2)
FNDA:2,(anonymous_3)
FNDA:2,(anonymous_4)
FNDA:1,(anonymous_5)
DA:7,8
DA:8,8
DA:9,8
DA:11,8
DA:12,2
DA:13,2
DA:14,2
DA:17,8
DA:27,1
DA:32,1
LF:10
LH:10
BRF:0
BRH:0
end_of_record
TN:
SF:Login.js
FN:5,Login
FN:10,(anonymous_1)
FN:41,(anonymous_2)
FN:44,(anonymous_3)
FN:47,(anonymous_4)
FNF:5
FNH:5
FNDA:16,Login
FNDA:5,(anonymous_1)
FNDA:5,(anonymous_2)
FNDA:5,(anonymous_3)
FNDA:5,(anonymous_4)
DA:6,16
DA:7,16
DA:8,16
DA:10,16
DA:11,5
DA:12,5
DA:13,5
DA:14,5
DA:16,1
DA:17,1
DA:19,1
DA:20,1
DA:22,1
DA:23,1
DA:25,1
DA:26,1
DA:28,1
DA:29,1
DA:30,1
DA:34,16
DA:41,5
DA:44,5
DA:47,5
DA:57,1
LF:24
LH:24
BRDA:14,0,0,1
BRDA:14,0,1,1
BRDA:14,0,2,1
BRDA:14,0,3,1
BRDA:14,0,4,1
BRDA:15,1,0,5
BRDA:15,1,1,2
BRDA:15,1,2,1
BRF:8
BRH:8
end_of_record
TN:
SF:Sum.js
FN:1,sum
FNF:1
FNH:1
FNDA:1,sum
DA:2,1
DA:4,1
LF:2
LH:2
BRF:0
BRH:0
end_of_record
