TN:
SF:Home.js
FN:5,Home
FN:11,(anonymous_1)
FN:12,(anonymous_2)
FN:13,(anonymous_3)
FN:14,(anonymous_4)
FN:27,(anonymous_5)
FNF:6
FNH:6
FNDA:8,Home
FNDA:2,(anonymous_1)
FNDA:2,(anonymous_2)
FNDA:2,(anonymous_3)
FNDA:2,(anonymous_4)
FNDA:1,(anonymous_5)
DA:7,8
DA:8,8
DA:9,8
DA:11,8
DA:12,2
DA:13,2
DA:14,2
DA:17,8
DA:27,1
DA:32,1
LF:10
LH:10
BRF:0
BRH:0
end_of_record
TN:
SF:Login.js
FN:5,Login
FN:35,whenAllFieldIsNotEntered
FN:42,whenUsernameIsNotEntered
FN:49,whenNumberIsNotEntered
FN:57,whenPasswordIsNotEntered
FN:64,(anonymous_5)
FN:95,(anonymous_6)
FN:98,(anonymous_7)
FN:101,(anonymous_8)
FNF:9
FNH:9
FNDA:16,Login
FNDA:5,whenAllFieldIsNotEntered
FNDA:4,whenUsernameIsNotEntered
FNDA:3,whenNumberIsNotEntered
FNDA:2,whenPasswordIsNotEntered
FNDA:5,(anonymous_5)
FNDA:5,(anonymous_6)
FNDA:5,(anonymous_7)
FNDA:5,(anonymous_8)
DA:6,16
DA:7,16
DA:8,16
DA:36,5
DA:37,1
DA:39,4
DA:43,4
DA:44,1
DA:46,3
DA:50,3
DA:51,1
DA:53,2
DA:58,2
DA:59,1
DA:61,1
DA:64,16
DA:65,5
DA:66,5
DA:67,5
DA:68,5
DA:70,1
DA:71,1
DA:73,1
DA:74,1
DA:76,1
DA:77,1
DA:79,1
DA:80,1
DA:82,1
DA:83,1
DA:84,1
DA:88,16
DA:95,5
DA:98,5
DA:101,5
DA:111,1
LF:36
LH:36
BRDA:36,0,0,1
BRDA:36,0,1,4
BRDA:36,1,0,5
BRDA:36,1,1,2
BRDA:36,1,2,1
BRDA:43,2,0,1
BRDA:43,2,1,3
BRDA:50,3,0,1
BRDA:50,3,1,2
BRDA:58,4,0,1
BRDA:58,4,1,1
BRDA:68,5,0,1
BRDA:68,5,1,1
BRDA:68,5,2,1
BRDA:68,5,3,1
BRDA:68,5,4,1
BRF:16
BRH:16
end_of_record
TN:
SF:Sum.js
FN:1,sum
FNF:1
FNH:1
FNDA:1,sum
DA:2,1
DA:4,1
LF:2
LH:2
BRF:0
BRH:0
end_of_record
